<?xml version="1.0" encoding="UTF-8"?>
<testng-results ignored="0" total="4" passed="4" failed="0" skipped="0">
  <reporter-output>
  </reporter-output>
  <suite started-at="2022-11-22T17:05:33 IST" name="Default suite" finished-at="2022-11-22T17:05:33 IST" duration-ms="143">
    <groups>
    </groups>
    <test started-at="2022-11-22T17:05:33 IST" name="Default test" finished-at="2022-11-22T17:05:33 IST" duration-ms="143">
      <class name="dataDrivenTesting.DataDrivenTestingTest">
        <test-method signature="retestTestData(java.lang.String, java.lang.String, java.lang.String)[pri:0, instance:dataDrivenTesting.DataDrivenTestingTest@71c3b41]" started-at="2022-11-22T17:05:33 IST" name="retestTestData" data-provider="testData" finished-at="2022-11-22T17:05:33 IST" duration-ms="14" status="PASS">
          <params>
            <param index="0">
              <value>
                <![CDATA[Shubham]]>
              </value>
            </param>
            <param index="1">
              <value>
                <![CDATA[Balaji]]>
              </value>
            </param>
            <param index="2">
              <value>
                <![CDATA[Pitale]]>
              </value>
            </param>
          </params>
          <reporter-output>
          </reporter-output>
        </test-method> <!-- retestTestData -->
        <test-method signature="retestTestData(java.lang.String, java.lang.String, java.lang.String)[pri:0, instance:dataDrivenTesting.DataDrivenTestingTest@71c3b41]" started-at="2022-11-22T17:05:33 IST" name="retestTestData" data-provider="testData" finished-at="2022-11-22T17:05:33 IST" duration-ms="3" status="PASS">
          <params>
            <param index="0">
              <value>
                <![CDATA[Satish]]>
              </value>
            </param>
            <param index="1">
              <value>
                <![CDATA[Balaji]]>
              </value>
            </param>
            <param index="2">
              <value>
                <![CDATA[Patil]]>
              </value>
            </param>
          </params>
          <reporter-output>
          </reporter-output>
        </test-method> <!-- retestTestData -->
        <test-method signature="retestTestData(java.lang.String, java.lang.String, java.lang.String)[pri:0, instance:dataDrivenTesting.DataDrivenTestingTest@71c3b41]" started-at="2022-11-22T17:05:33 IST" name="retestTestData" data-provider="testData" finished-at="2022-11-22T17:05:33 IST" duration-ms="5" status="PASS">
          <params>
            <param index="0">
              <value>
                <![CDATA[ShuShant]]>
              </value>
            </param>
            <param index="1">
              <value>
                <![CDATA[Sanjay]]>
              </value>
            </param>
            <param index="2">
              <value>
                <![CDATA[Surwase]]>
              </value>
            </param>
          </params>
          <reporter-output>
          </reporter-output>
        </test-method> <!-- retestTestData -->
        <test-method signature="retestTestData(java.lang.String, java.lang.String, java.lang.String)[pri:0, instance:dataDrivenTesting.DataDrivenTestingTest@71c3b41]" started-at="2022-11-22T17:05:33 IST" name="retestTestData" data-provider="testData" finished-at="2022-11-22T17:05:33 IST" duration-ms="9" status="PASS">
          <params>
            <param index="0">
              <value>
                <![CDATA[Sanket]]>
              </value>
            </param>
            <param index="1">
              <value>
                <![CDATA[Sanjay]]>
              </value>
            </param>
            <param index="2">
              <value>
                <![CDATA[Surwase]]>
              </value>
            </param>
          </params>
          <reporter-output>
          </reporter-output>
        </test-method> <!-- retestTestData -->
      </class> <!-- dataDrivenTesting.DataDrivenTestingTest -->
    </test> <!-- Default test -->
  </suite> <!-- Default suite -->
</testng-results>
