<?xml version="1.0" encoding="UTF-8"?>
<!-- Generated by org.testng.reporters.JUnitXMLReporter -->
<testsuite ignored="0" hostname="DESKTOP-1TK4TSS" failures="0" tests="4" name="Default test" time="0.143" errors="0" timestamp="2022-11-22T17:05:34 IST">
  <testcase classname="dataDrivenTesting.DataDrivenTestingTest" name="retestTestData" time="0.014"/>
  <testcase classname="dataDrivenTesting.DataDrivenTestingTest" name="retestTestData" time="0.003"/>
  <testcase classname="dataDrivenTesting.DataDrivenTestingTest" name="retestTestData" time="0.005"/>
  <testcase classname="dataDrivenTesting.DataDrivenTestingTest" name="retestTestData" time="0.009"/>
</testsuite> <!-- Default test -->
